[35m[1mScanning dependencies of target AMR_CLASS[0m
[ 25%] [32mBuilding CXX object CMakeFiles/AMR_CLASS.dir/src/AMR.cpp.o[0m
[01m[K/home/nimesh/dev/anscer_PS/src/localiser/src/AMR.cpp:[m[K In member function â€˜[01m[Kvoid AMR::pose_callback(const ConstPtr&)[m[Kâ€™:
[01m[K/home/nimesh/dev/anscer_PS/src/localiser/src/AMR.cpp:5:5:[m[K [01;31m[Kerror: [m[Kâ€˜[01m[Kcout[m[Kâ€™ was not declared in this scope; did you mean â€˜[01m[Kstd::cout[m[Kâ€™?
    5 |     [01;31m[Kcout[m[K << "Received X: " << curr_pose.position.x << std::endl;
      |     [01;31m[K^~~~[m[K
      |     [32m[Kstd::cout[m[K
In file included from [01m[K/opt/ros/noetic/include/ros/time.h:54[m[K,
                 from [01m[K/opt/ros/noetic/include/ros/serialization.h:34[m[K,
                 from [01m[K/opt/ros/noetic/include/geometry_msgs/Pose.h:14[m[K,
                 from [01m[K/home/nimesh/dev/anscer_PS/src/localiser/src/AMR.h:4[m[K,
                 from [01m[K/home/nimesh/dev/anscer_PS/src/localiser/src/AMR.cpp:1[m[K:
[01m[K/usr/include/c++/9/iostream:61:18:[m[K [01;36m[Knote: [m[Kâ€˜[01m[Kstd::cout[m[Kâ€™ declared here
   61 |   extern ostream [01;36m[Kcout[m[K;  /// Linked to standard output
      |                  [01;36m[K^~~~[m[K
make[2]: *** [CMakeFiles/AMR_CLASS.dir/build.make:63: CMakeFiles/AMR_CLASS.dir/src/AMR.cpp.o] Error 1
make[1]: *** [CMakeFiles/Makefile2:869: CMakeFiles/AMR_CLASS.dir/all] Error 2
make: *** [Makefile:141: all] Error 2
