[01m[K/home/nimesh/dev/anscer_PS/src/localiser/src/AMR.cpp:[m[K In member function â€˜[01m[Kvoid AMR::read_pose_file()[m[Kâ€™:
[01m[K/home/nimesh/dev/anscer_PS/src/localiser/src/AMR.cpp:52:16:[m[K [01;31m[Kerror: [m[Kâ€˜[01m[Kget_line[m[Kâ€™ was not declared in this scope; did you mean â€˜[01m[Kgetline[m[Kâ€™?
   52 |         while ([01;31m[Kget_line[m[K(pose_reader, dataline)) {
      |                [01;31m[K^~~~~~~~[m[K
      |                [32m[Kgetline[m[K
make[2]: *** [CMakeFiles/AMR_CLASS.dir/build.make:63: CMakeFiles/AMR_CLASS.dir/src/AMR.cpp.o] Error 1
make[1]: *** [CMakeFiles/Makefile2:157: CMakeFiles/AMR_CLASS.dir/all] Error 2
make: *** [Makefile:141: all] Error 2
