[01m[K/home/nimesh/dev/anscer_PS/src/localiser/src/poseWriter.cpp:[m[K In function â€˜[01m[Kint main(int, char**)[m[Kâ€™:
[01m[K/home/nimesh/dev/anscer_PS/src/localiser/src/poseWriter.cpp:13:5:[m[K [01;31m[Kerror: [m[Kâ€˜[01m[Kcout[m[Kâ€™ was not declared in this scope; did you mean â€˜[01m[Kstd::cout[m[Kâ€™?
   13 |     [01;31m[Kcout[m[K << std::filesystem::current_path.current_path() << endl;
      |     [01;31m[K^~~~[m[K
      |     [32m[Kstd::cout[m[K
In file included from [01m[K/home/nimesh/dev/anscer_PS/src/localiser/src/poseWriter.cpp:1[m[K:
[01m[K/usr/include/c++/9/iostream:61:18:[m[K [01;36m[Knote: [m[Kâ€˜[01m[Kstd::cout[m[Kâ€™ declared here
   61 |   extern ostream [01;36m[Kcout[m[K;  /// Linked to standard output
      |                  [01;36m[K^~~~[m[K
[01m[K/home/nimesh/dev/anscer_PS/src/localiser/src/poseWriter.cpp:13:18:[m[K [01;31m[Kerror: [m[Kâ€˜[01m[Kstd::filesystem[m[Kâ€™ has not been declared
   13 |     cout << std::[01;31m[Kfilesystem[m[K::current_path.current_path() << endl;
      |                  [01;31m[K^~~~~~~~~~[m[K
[01m[K/home/nimesh/dev/anscer_PS/src/localiser/src/poseWriter.cpp:13:61:[m[K [01;31m[Kerror: [m[Kâ€˜[01m[Kendl[m[Kâ€™ was not declared in this scope; did you mean â€˜[01m[Kstd::endl[m[Kâ€™?
   13 |     cout << std::filesystem::current_path.current_path() << [01;31m[Kendl[m[K;
      |                                                             [01;31m[K^~~~[m[K
      |                                                             [32m[Kstd::endl[m[K
In file included from [01m[K/usr/include/c++/9/iostream:39[m[K,
                 from [01m[K/home/nimesh/dev/anscer_PS/src/localiser/src/poseWriter.cpp:1[m[K:
[01m[K/usr/include/c++/9/ostream:599:5:[m[K [01;36m[Knote: [m[Kâ€˜[01m[Kstd::endl[m[Kâ€™ declared here
  599 |     [01;36m[Kendl[m[K(basic_ostream<_CharT, _Traits>& __os)
      |     [01;36m[K^~~~[m[K
make[2]: *** [CMakeFiles/poseManager.dir/build.make:63: CMakeFiles/poseManager.dir/src/poseWriter.cpp.o] Error 1
make[1]: *** [CMakeFiles/Makefile2:589: CMakeFiles/poseManager.dir/all] Error 2
make: *** [Makefile:141: all] Error 2
