[01m[K/home/nimesh/dev/anscer_PS/src/localiser/src/AMR.cpp:[m[K In member function â€˜[01m[Kvoid AMR::read_pose_file()[m[Kâ€™:
[01m[K/home/nimesh/dev/anscer_PS/src/localiser/src/AMR.cpp:40:5:[m[K [01;31m[Kerror: [m[Kâ€˜[01m[Kifstream[m[Kâ€™ was not declared in this scope; did you mean â€˜[01m[Kstd::ifstream[m[Kâ€™?
   40 |     [01;31m[Kifstream[m[K pose_reader(filepath);
      |     [01;31m[K^~~~~~~~[m[K
      |     [32m[Kstd::ifstream[m[K
In file included from [01m[K/usr/include/c++/9/bits/localefwd.h:41[m[K,
                 from [01m[K/usr/include/c++/9/string:43[m[K,
                 from [01m[K/opt/ros/noetic/include/geometry_msgs/Pose.h:9[m[K,
                 from [01m[K/home/nimesh/dev/anscer_PS/src/localiser/src/AMR.h:4[m[K,
                 from [01m[K/home/nimesh/dev/anscer_PS/src/localiser/src/AMR.cpp:1[m[K:
[01m[K/usr/include/c++/9/iosfwd:162:34:[m[K [01;36m[Knote: [m[Kâ€˜[01m[Kstd::ifstream[m[Kâ€™ declared here
  162 |   typedef basic_ifstream<char>   [01;36m[Kifstream[m[K;
      |                                  [01;36m[K^~~~~~~~[m[K
[01m[K/home/nimesh/dev/anscer_PS/src/localiser/src/AMR.cpp:50:9:[m[K [01;31m[Kerror: [m[Kâ€˜[01m[Kpose_reader[m[Kâ€™ was not declared in this scope
   50 |     if ([01;31m[Kpose_reader[m[K.is_open()) {
      |         [01;31m[K^~~~~~~~~~~[m[K
[01m[K/home/nimesh/dev/anscer_PS/src/localiser/src/AMR.cpp:72:5:[m[K [01;31m[Kerror: [m[Kâ€˜[01m[Kpose_reader[m[Kâ€™ was not declared in this scope
   72 |     [01;31m[Kpose_reader[m[K.close();
      |     [01;31m[K^~~~~~~~~~~[m[K
make[2]: *** [CMakeFiles/AMR_CLASS.dir/build.make:63: CMakeFiles/AMR_CLASS.dir/src/AMR.cpp.o] Error 1
make[1]: *** [CMakeFiles/Makefile2:157: CMakeFiles/AMR_CLASS.dir/all] Error 2
make: *** [Makefile:141: all] Error 2
