In file included from [01m[K/home/nimesh/dev/anscer_PS/src/localiser/src/poseWriter.cpp:5[m[K:
[01m[K/home/nimesh/dev/anscer_PS/src/localiser/src/AMR.h:17:9:[m[K [01;31m[Kerror: [m[Kâ€˜[01m[Kfstream[m[Kâ€™ does not name a type; did you mean â€˜[01m[Kfread[m[Kâ€™?
   17 |         [01;31m[Kfstream[m[K pose_file;
      |         [01;31m[K^~~~~~~[m[K
      |         [32m[Kfread[m[K
[01m[K/home/nimesh/dev/anscer_PS/src/localiser/src/AMR.h:23:2:[m[K [01;31m[Kerror: [m[Kexpected â€˜[01m[K;[m[Kâ€™ after class definition
   23 | }
      |  [01;31m[K^[m[K
      |  [32m[K;[m[K
make[2]: *** [CMakeFiles/poseManager.dir/build.make:63: CMakeFiles/poseManager.dir/src/poseWriter.cpp.o] Error 1
make[1]: *** [CMakeFiles/Makefile2:560: CMakeFiles/poseManager.dir/all] Error 2
make: *** [Makefile:141: all] Error 2
