/usr/bin/ld: CMakeFiles/poseManager.dir/src/poseWriter.cpp.o: in function `main':
poseWriter.cpp:(.text+0x177): undefined reference to `AMR::AMR(ros::NodeHandle)'
/usr/bin/ld: poseWriter.cpp:(.text+0x1b9): undefined reference to `AMR::write_pose_file()'
/usr/bin/ld: poseWriter.cpp:(.text+0x1ca): undefined reference to `AMR::~AMR()'
/usr/bin/ld: poseWriter.cpp:(.text+0x28d): undefined reference to `AMR::~AMR()'
collect2: error: ld returned 1 exit status
make[2]: *** [CMakeFiles/poseManager.dir/build.make:101: /home/nimesh/dev/anscer_PS/devel/.private/localiser/lib/localiser/poseManager] Error 1
make[1]: *** [CMakeFiles/Makefile2:589: CMakeFiles/poseManager.dir/all] Error 2
make[1]: *** Waiting for unfinished jobs....
In file included from [01m[K/home/nimesh/dev/anscer_PS/src/localiser/src/AMR.cpp:1[m[K:
[01m[K/home/nimesh/dev/anscer_PS/src/localiser/src/AMR.h:14:14:[m[K [01;31m[Kerror: [m[Kâ€˜[01m[KPublisher[m[Kâ€™ in namespace â€˜[01m[Kros[m[Kâ€™ does not name a type
   14 |         ros::[01;31m[KPublisher[m[K pose_publisher;
      |              [01;31m[K^~~~~~~~~[m[K
[01m[K/home/nimesh/dev/anscer_PS/src/localiser/src/AMR.h:15:14:[m[K [01;31m[Kerror: [m[Kâ€˜[01m[KSubscriber[m[Kâ€™ in namespace â€˜[01m[Kros[m[Kâ€™ does not name a type
   15 |         ros::[01;31m[KSubscriber[m[K pose_subscriber;
      |              [01;31m[K^~~~~~~~~~[m[K
[01m[K/home/nimesh/dev/anscer_PS/src/localiser/src/AMR.h:20:28:[m[K [01;31m[Kerror: [m[Kinvalid use of â€˜[01m[K::[m[Kâ€™
   20 |         AMR(ros::NodeHandle[01;31m[K)[m[K;
      |                            [01;31m[K^[m[K
[01m[K/home/nimesh/dev/anscer_PS/src/localiser/src/AMR.cpp:[m[K In function â€˜[01m[Kvoid pose_callback(const ConstPtr&)[m[Kâ€™:
[01m[K/home/nimesh/dev/anscer_PS/src/localiser/src/AMR.cpp:4:5:[m[K [01;31m[Kerror: [m[Kâ€˜[01m[Kcurr_pose[m[Kâ€™ was not declared in this scope
    4 |     [01;31m[Kcurr_pose[m[K.position.x = msg -> data -> position -> x;
      |     [01;31m[K^~~~~~~~~[m[K
[01m[K/home/nimesh/dev/anscer_PS/src/localiser/src/AMR.cpp:4:35:[m[K [01;31m[Kerror: [m[Kâ€˜[01m[Kconst struct geometry_msgs::Pose_<std::allocator<void> >[m[Kâ€™ has no member named â€˜[01m[Kdata[m[Kâ€™
    4 |     curr_pose.position.x = msg -> [01;31m[Kdata[m[K -> position -> x;
      |                                   [01;31m[K^~~~[m[K
[01m[K/home/nimesh/dev/anscer_PS/src/localiser/src/AMR.cpp:5:35:[m[K [01;31m[Kerror: [m[Kâ€˜[01m[Kconst struct geometry_msgs::Pose_<std::allocator<void> >[m[Kâ€™ has no member named â€˜[01m[Kdata[m[Kâ€™
    5 |     curr_pose.position.y = msg -> [01;31m[Kdata[m[K -> position -> y;
      |                                   [01;31m[K^~~~[m[K
[01m[K/home/nimesh/dev/anscer_PS/src/localiser/src/AMR.cpp:6:35:[m[K [01;31m[Kerror: [m[Kâ€˜[01m[Kconst struct geometry_msgs::Pose_<std::allocator<void> >[m[Kâ€™ has no member named â€˜[01m[Kdata[m[Kâ€™
    6 |     curr_pose.position.z = msg -> [01;31m[Kdata[m[K -> position -> z;
      |                                   [01;31m[K^~~~[m[K
[01m[K/home/nimesh/dev/anscer_PS/src/localiser/src/AMR.cpp:7:38:[m[K [01;31m[Kerror: [m[Kâ€˜[01m[Kconst struct geometry_msgs::Pose_<std::allocator<void> >[m[Kâ€™ has no member named â€˜[01m[Kdata[m[Kâ€™
    7 |     curr_pose.orientation.x = msg -> [01;31m[Kdata[m[K -> orientation -> x;
      |                                      [01;31m[K^~~~[m[K
[01m[K/home/nimesh/dev/anscer_PS/src/localiser/src/AMR.cpp:8:38:[m[K [01;31m[Kerror: [m[Kâ€˜[01m[Kconst struct geometry_msgs::Pose_<std::allocator<void> >[m[Kâ€™ has no member named â€˜[01m[Kdata[m[Kâ€™
    8 |     curr_pose.orientation.y = msg -> [01;31m[Kdata[m[K -> orientation -> y;
      |                                      [01;31m[K^~~~[m[K
[01m[K/home/nimesh/dev/anscer_PS/src/localiser/src/AMR.cpp:9:38:[m[K [01;31m[Kerror: [m[Kâ€˜[01m[Kconst struct geometry_msgs::Pose_<std::allocator<void> >[m[Kâ€™ has no member named â€˜[01m[Kdata[m[Kâ€™
    9 |     curr_pose.orientation.z = msg -> [01;31m[Kdata[m[K -> orientation -> z;
      |                                      [01;31m[K^~~~[m[K
[01m[K/home/nimesh/dev/anscer_PS/src/localiser/src/AMR.cpp:10:38:[m[K [01;31m[Kerror: [m[Kâ€˜[01m[Kconst struct geometry_msgs::Pose_<std::allocator<void> >[m[Kâ€™ has no member named â€˜[01m[Kdata[m[Kâ€™
   10 |     curr_pose.orientation.w = msg -> [01;31m[Kdata[m[K -> orientation -> w;
      |                                      [01;31m[K^~~~[m[K
[01m[K/home/nimesh/dev/anscer_PS/src/localiser/src/AMR.cpp:[m[K At global scope:
[01m[K/home/nimesh/dev/anscer_PS/src/localiser/src/AMR.cpp:13:20:[m[K [01;31m[Kerror: [m[Kvariable or field â€˜[01m[KAMR[m[Kâ€™ declared void
   13 | void AMR::AMR(ros::[01;31m[KNodeHandle[m[K nh) {
      |                    [01;31m[K^~~~~~~~~~[m[K
[01m[K/home/nimesh/dev/anscer_PS/src/localiser/src/AMR.cpp:13:20:[m[K [01;31m[Kerror: [m[Kâ€˜[01m[KNodeHandle[m[Kâ€™ is not a member of â€˜[01m[Kros[m[Kâ€™
[01m[K/home/nimesh/dev/anscer_PS/src/localiser/src/AMR.cpp:[m[K In member function â€˜[01m[Kvoid AMR::read_pose_file()[m[Kâ€™:
[01m[K/home/nimesh/dev/anscer_PS/src/localiser/src/AMR.cpp:23:30:[m[K [01;31m[Kerror: [m[Kâ€˜[01m[Kios[m[Kâ€™ has not been declared
   23 |     pose_file.open(filepath, [01;31m[Kios[m[K::in);
      |                              [01;31m[K^~~[m[K
[01m[K/home/nimesh/dev/anscer_PS/src/localiser/src/AMR.cpp:25:9:[m[K [01;31m[Kerror: [m[Kâ€˜[01m[KROS_ERROR[m[Kâ€™ was not declared in this scope
   25 |         [01;31m[KROS_ERROR[m[K("Could Not open pose data file\n");
      |         [01;31m[K^~~~~~~~~[m[K
[01m[K/home/nimesh/dev/anscer_PS/src/localiser/src/AMR.cpp:28:21:[m[K [01;31m[Kerror: [m[Kâ€˜[01m[Kios[m[Kâ€™ has not been declared
   28 |     pose_file.seekg([01;31m[Kios[m[K::beg);
      |                     [01;31m[K^~~[m[K
[01m[K/home/nimesh/dev/anscer_PS/src/localiser/src/AMR.cpp:51:9:[m[K [01;31m[Kerror: [m[Kâ€˜[01m[KROS_INFO[m[Kâ€™ was not declared in this scope
   51 |         [01;31m[KROS_INFO[m[K("File Stream not open\n");
      |         [01;31m[K^~~~~~~~[m[K
[01m[K/home/nimesh/dev/anscer_PS/src/localiser/src/AMR.cpp:[m[K In member function â€˜[01m[Kvoid AMR::write_pose_file()[m[Kâ€™:
[01m[K/home/nimesh/dev/anscer_PS/src/localiser/src/AMR.cpp:56:30:[m[K [01;31m[Kerror: [m[Kâ€˜[01m[Kios[m[Kâ€™ has not been declared
   56 |     pose_file.open(filepath, [01;31m[Kios[m[K::out);
      |                              [01;31m[K^~~[m[K
[01m[K/home/nimesh/dev/anscer_PS/src/localiser/src/AMR.cpp:57:42:[m[K [01;31m[Kerror: [m[Kâ€˜[01m[Kendl[m[Kâ€™ was not declared in this scope; did you mean â€˜[01m[Kstd::endl[m[Kâ€™?
   57 |     pose_file << curr_pose.position.x << [01;31m[Kendl[m[K;
      |                                          [01;31m[K^~~~[m[K
      |                                          [32m[Kstd::endl[m[K
In file included from [01m[K/usr/include/c++/9/iostream:39[m[K,
                 from [01m[K/opt/ros/noetic/include/ros/time.h:54[m[K,
                 from [01m[K/opt/ros/noetic/include/ros/serialization.h:34[m[K,
                 from [01m[K/opt/ros/noetic/include/geometry_msgs/Pose.h:14[m[K,
                 from [01m[K/home/nimesh/dev/anscer_PS/src/localiser/src/AMR.h:4[m[K,
                 from [01m[K/home/nimesh/dev/anscer_PS/src/localiser/src/AMR.cpp:1[m[K:
[01m[K/usr/include/c++/9/ostream:599:5:[m[K [01;36m[Knote: [m[Kâ€˜[01m[Kstd::endl[m[Kâ€™ declared here
  599 |     [01;36m[Kendl[m[K(basic_ostream<_CharT, _Traits>& __os)
      |     [01;36m[K^~~~[m[K
[01m[K/home/nimesh/dev/anscer_PS/src/localiser/src/AMR.cpp:[m[K At global scope:
[01m[K/home/nimesh/dev/anscer_PS/src/localiser/src/AMR.cpp:66:16:[m[K [01;31m[Kerror: [m[Kreturn type specification for destructor invalid
   66 | void AMR::~AMR([01;31m[K)[m[K {
      |                [01;31m[K^[m[K
make[2]: *** [CMakeFiles/localiser.dir/build.make:63: CMakeFiles/localiser.dir/src/AMR.cpp.o] Error 1
make[1]: *** [CMakeFiles/Makefile2:157: CMakeFiles/localiser.dir/all] Error 2
make: *** [Makefile:141: all] Error 2
